<?xml version="1.0" encoding="UTF-8"?>
<!-- Generated by org.testng.reporters.JUnitReportReporter -->
<testsuite hostname="Mohamed-Derbala-LP" failures="0" tests="1" name="tests.KPIsGridIsDisplayedInRootBSC" time="12.039" errors="0" timestamp="2024-01-10T12:11:23 EET" skipped="0">
  <testcase classname="tests.KPIsGridIsDisplayedInRootBSC" name="userCanGenerateSummaryStrategicPerformanceReportSuccessfully" time="12.039"/>
</testsuite> <!-- tests.KPIsGridIsDisplayedInRootBSC -->
