<?xml version="1.0" encoding="UTF-8"?>
<!-- Generated by org.testng.reporters.JUnitReportReporter -->
<testsuite hostname="Mohamed-Derbala-LP" failures="0" tests="1" name="tests.DataOfMasterDashboardDisplayedTest" time="35.598" errors="0" timestamp="2024-03-25T22:35:56 EET" skipped="0">
  <testcase classname="tests.DataOfMasterDashboardDisplayedTest" name="userCanGenerateSummaryStrategicPerformanceReportSuccessfully" time="35.598"/>
</testsuite> <!-- tests.DataOfMasterDashboardDisplayedTest -->
