<?xml version="1.0" encoding="UTF-8"?>
<!-- Generated by org.testng.reporters.JUnitReportReporter -->
<<<<<<< Updated upstream
<testsuite hostname="Mohamed-Derbala-LP" failures="0" tests="1" name="tests.DataOfIntermediateResultsMasterDashboardDisplayedTest" time="35.547" errors="0" timestamp="2024-03-25T22:35:56 EET" skipped="0">
  <testcase classname="tests.DataOfIntermediateResultsMasterDashboardDisplayedTest" name="userCanGenerateSummaryStrategicPerformanceReportSuccessfully" time="35.547"/>
=======
<testsuite hostname="Mohamed-Derbala-LP" failures="0" tests="1" name="tests.DataOfIntermediateResultsMasterDashboardDisplayedTest" time="37.178" errors="0" timestamp="2024-05-29T22:56:23 EEST" skipped="0">
  <testcase classname="tests.DataOfIntermediateResultsMasterDashboardDisplayedTest" name="userCanGenerateSummaryStrategicPerformanceReportSuccessfully" time="37.178"/>
>>>>>>> Stashed changes
</testsuite> <!-- tests.DataOfIntermediateResultsMasterDashboardDisplayedTest -->
