<?xml version="1.0" encoding="UTF-8"?>
<!-- Generated by org.testng.reporters.JUnitReportReporter -->
<testsuite hostname="Mohamed-Derbala-LP" failures="0" tests="1" name="tests.EnjizIntegrationSettingsIsDisplayedTest" time="61.266" errors="0" timestamp="2024-06-03T22:22:29 EEST" skipped="0">
  <testcase classname="tests.EnjizIntegrationSettingsIsDisplayedTest" name="enjizIntegrationSettingsAreDisplayedSuccessfully" time="61.266"/>
</testsuite> <!-- tests.EnjizIntegrationSettingsIsDisplayedTest -->
