<?xml version="1.0" encoding="UTF-8"?>
<!-- Generated by org.testng.reporters.JUnitReportReporter -->
<testsuite hostname="Mohamed-Derbala-LP" failures="0" tests="1" name="tests.BEClientIntegrationSettingsIsDisplayedTest" time="73.682" errors="0" timestamp="2024-06-03T22:30:27 EEST" skipped="0">
  <testcase classname="tests.BEClientIntegrationSettingsIsDisplayedTest" name="beclientIntegrationSettingsAreDisplayedSuccessfully" time="73.682"/>
</testsuite> <!-- tests.BEClientIntegrationSettingsIsDisplayedTest -->
