<?xml version="1.0" encoding="UTF-8"?>
<!-- Generated by org.testng.reporters.JUnitReportReporter -->
<testsuite hostname="Mohamed-Derbala-LP" failures="0" tests="1" name="tests.WorkflowIntegrationSettingsAreDisplayedTest" time="55.664" errors="0" timestamp="2024-06-29T23:37:24 EEST" skipped="0">
  <testcase classname="tests.WorkflowIntegrationSettingsAreDisplayedTest" name="workflowIntegrationSettingsAreDisplayedSuccessfully" time="55.664"/>
</testsuite> <!-- tests.WorkflowIntegrationSettingsAreDisplayedTest -->
