<?xml version="1.0" encoding="UTF-8"?>
<!-- Generated by org.testng.reporters.JUnitReportReporter -->
<testsuite hostname="Mohamed-Derbala-LP" failures="0" tests="1" name="tests.UsersPermissionSettingsAreDisplayedSuccessfullyTest" time="106.202" errors="0" timestamp="2024-06-25T19:54:25 EEST" skipped="0">
  <testcase classname="tests.UsersPermissionSettingsAreDisplayedSuccessfullyTest" name="usersPermissionsSettingsAreDisplayedSuccessfully" time="106.202"/>
</testsuite> <!-- tests.UsersPermissionSettingsAreDisplayedSuccessfullyTest -->
