<?xml version="1.0" encoding="UTF-8"?>
<!-- Generated by org.testng.reporters.JUnitReportReporter -->
<<<<<<< Updated upstream
<testsuite hostname="Mohamed-Derbala-LP" failures="0" tests="1" name="tests.KPIsGridIsDisplayedInRootBSCTest" time="12.454" errors="0" timestamp="2024-03-25T22:35:56 EET" skipped="0">
  <testcase classname="tests.KPIsGridIsDisplayedInRootBSCTest" name="userCanGenerateSummaryStrategicPerformanceReportSuccessfully" time="12.454"/>
=======
<testsuite hostname="Mohamed-Derbala-LP" failures="0" tests="1" name="tests.KPIsGridIsDisplayedInRootBSCTest" time="31.509" errors="0" timestamp="2024-05-29T22:56:23 EEST" skipped="0">
  <testcase classname="tests.KPIsGridIsDisplayedInRootBSCTest" name="userCanGenerateSummaryStrategicPerformanceReportSuccessfully" time="31.509"/>
>>>>>>> Stashed changes
</testsuite> <!-- tests.KPIsGridIsDisplayedInRootBSCTest -->
