<?xml version="1.0" encoding="UTF-8"?>
<!-- Generated by org.testng.reporters.JUnitReportReporter -->
<testsuite hostname="Mohamed-Derbala-LP" failures="0" tests="1" name="tests.UserCanGenerateProjectsPerformanceReportTest" time="52.838" errors="0" timestamp="2024-06-02T09:49:41 EEST" skipped="0">
  <testcase classname="tests.UserCanGenerateProjectsPerformanceReportTest" name="userCanGenerateProjectsPerformanceReportSuccessfully" time="52.838"/>
</testsuite> <!-- tests.UserCanGenerateProjectsPerformanceReportTest -->
