<?xml version="1.0" encoding="UTF-8"?>
<!-- Generated by org.testng.reporters.JUnitReportReporter -->
<<<<<<< Updated upstream
<testsuite hostname="Mohamed-Derbala-LP" failures="0" tests="1" name="tests.AhdafBSCsStructureIsDisplayedInHomePageTest" time="25.467" errors="0" timestamp="2024-03-25T22:35:56 EET" skipped="0">
  <testcase classname="tests.AhdafBSCsStructureIsDisplayedInHomePageTest" name="userCanGenerateSummaryStrategicPerformanceReportSuccessfully" time="25.467"/>
=======
<testsuite hostname="Mohamed-Derbala-LP" failures="0" tests="1" name="tests.AhdafBSCsStructureIsDisplayedInHomePageTest" time="26.900" errors="0" timestamp="2024-05-29T22:56:23 EEST" skipped="0">
  <testcase classname="tests.AhdafBSCsStructureIsDisplayedInHomePageTest" name="userCanGenerateSummaryStrategicPerformanceReportSuccessfully" time="26.900"/>
>>>>>>> Stashed changes
</testsuite> <!-- tests.AhdafBSCsStructureIsDisplayedInHomePageTest -->
