<?xml version="1.0" encoding="UTF-8"?>
<!-- Generated by org.testng.reporters.JUnitReportReporter -->
<testsuite hostname="Mohamed-Derbala-LP" failures="0" tests="1" name="tests.UserCanGenerateSummaryStrategicPerformanceReport" time="36.008" errors="0" timestamp="2023-12-12T12:08:31 EET" skipped="0">
  <testcase classname="tests.UserCanGenerateSummaryStrategicPerformanceReport" name="userCanGenerateSummaryStrategicPerformanceReportSuccessfully" time="36.008"/>
</testsuite> <!-- tests.UserCanGenerateSummaryStrategicPerformanceReport -->
