<?xml version="1.0" encoding="UTF-8"?>
<!-- Generated by org.testng.reporters.JUnitReportReporter -->
<testsuite hostname="Mohamed-Derbala-LP" failures="0" tests="1" name="tests.EnjizIntegrationSettingsAreDisplayedTest" time="50.693" errors="0" timestamp="2024-06-29T23:37:24 EEST" skipped="0">
  <testcase classname="tests.EnjizIntegrationSettingsAreDisplayedTest" name="enjizIntegrationSettingsAreDisplayedSuccessfully" time="50.693"/>
</testsuite> <!-- tests.EnjizIntegrationSettingsAreDisplayedTest -->
