<?xml version="1.0" encoding="UTF-8"?>
<!-- Generated by org.testng.reporters.JUnitReportReporter -->
<testsuite hostname="Mohamed-Derbala-LP" failures="0" tests="1" name="tests.UserCanGenerateQualitivePerformanceAnalysisReportTest" time="28.081" errors="0" timestamp="2024-03-25T20:23:52 EET" skipped="0">
  <testcase classname="tests.UserCanGenerateQualitivePerformanceAnalysisReportTest" name="userCanGenerateSummaryStrategicPerformanceReportSuccessfully" time="28.081"/>
</testsuite> <!-- tests.UserCanGenerateQualitivePerformanceAnalysisReportTest -->
