<?xml version="1.0" encoding="UTF-8"?>
<!-- Generated by org.testng.reporters.JUnitReportReporter -->
<testsuite hostname="Mohamed-Derbala-LP" failures="0" tests="1" name="tests.StandaloneInitiativesGridIsDisplayedTest" time="42.682" errors="0" timestamp="2024-06-30T00:12:39 EEST" skipped="0">
  <testcase classname="tests.StandaloneInitiativesGridIsDisplayedTest" name="userCanGenerateSummaryStrategicPerformanceReportSuccessfully" time="42.682"/>
</testsuite> <!-- tests.StandaloneInitiativesGridIsDisplayedTest -->
