<?xml version="1.0" encoding="UTF-8"?>
<!-- Generated by org.testng.reporters.JUnitReportReporter -->
<testsuite hostname="Mohamed-Derbala-LP" failures="0" tests="1" name="tests.StandaloneKPIsGridIsDisplayedTest" time="56.095" errors="0" timestamp="2024-06-30T00:38:18 EEST" skipped="0">
  <testcase classname="tests.StandaloneKPIsGridIsDisplayedTest" name="StandaloneKPIsGridIsDisplayedTestSuccessfully" time="56.095"/>
</testsuite> <!-- tests.StandaloneKPIsGridIsDisplayedTest -->
