<?xml version="1.0" encoding="UTF-8"?>
<!-- Generated by org.testng.reporters.JUnitReportReporter -->
<<<<<<< Updated upstream
<testsuite hostname="Mohamed-Derbala-LP" failures="0" tests="1" name="tests.UserCanGenerateGeneralStrategicPerformanceReportTest" time="26.092" errors="0" timestamp="2024-03-23T22:35:15 EET" skipped="0">
  <testcase classname="tests.UserCanGenerateGeneralStrategicPerformanceReportTest" name="userCanGenerateSummaryStrategicPerformanceReportSuccessfully" time="26.092"/>
=======
<testsuite hostname="Mohamed-Derbala-LP" failures="0" tests="1" name="tests.UserCanGenerateGeneralStrategicPerformanceReportTest" time="43.573" errors="0" timestamp="2024-05-29T22:47:02 EEST" skipped="0">
  <testcase classname="tests.UserCanGenerateGeneralStrategicPerformanceReportTest" name="userCanGenerateSummaryStrategicPerformanceReportSuccessfully" time="43.573"/>
>>>>>>> Stashed changes
</testsuite> <!-- tests.UserCanGenerateGeneralStrategicPerformanceReportTest -->
