<?xml version="1.0" encoding="UTF-8"?>
<!-- Generated by org.testng.reporters.JUnitReportReporter -->
<testsuite hostname="Mohamed-Derbala-LP" failures="0" tests="1" name="tests.UserCanGenerateOperationalActivitiesPerformanceReportTest" time="64.750" errors="0" timestamp="2024-05-29T22:47:02 EEST" skipped="0">
  <testcase classname="tests.UserCanGenerateOperationalActivitiesPerformanceReportTest" name="userCanGenerateOperationalActivitiesPerformanceReportSuccessfully" time="64.750"/>
</testsuite> <!-- tests.UserCanGenerateOperationalActivitiesPerformanceReportTest -->
