<?xml version="1.0" encoding="UTF-8"?>
<!-- Generated by org.testng.reporters.JUnitReportReporter -->
<testsuite hostname="Mohamed-Derbala-LP" failures="0" tests="1" name="tests.UserCanGenerateSummaryStrategicPerformanceReportTest" time="26.084" errors="0" timestamp="2024-03-23T22:35:15 EET" skipped="0">
  <testcase classname="tests.UserCanGenerateSummaryStrategicPerformanceReportTest" name="userCanGenerateSummaryStrategicPerformanceReportSuccessfully" time="26.084"/>
</testsuite> <!-- tests.UserCanGenerateSummaryStrategicPerformanceReportTest -->
