<?xml version="1.0" encoding="UTF-8"?>
<!-- Generated by org.testng.reporters.JUnitReportReporter -->
<testsuite hostname="Mohamed-Derbala-LP" failures="0" tests="1" name="tests.UserLoginTest" time="7.382" errors="0" timestamp="2024-05-29T22:56:23 EEST" skipped="0">
  <testcase classname="tests.UserLoginTest" name="userCanLoginSuccessfully" time="7.382"/>
</testsuite> <!-- tests.UserLoginTest -->
