<?xml version="1.0" encoding="UTF-8"?>
<!-- Generated by org.testng.reporters.JUnitReportReporter -->
<testsuite hostname="Mohamed-Derbala-LP" failures="0" tests="1" name="tests.AhdafBSCsStructureIsDisplayedInHomePageTest" time="27.950" errors="0" timestamp="2024-06-30T00:52:47 EEST" skipped="0">
  <testcase classname="tests.AhdafBSCsStructureIsDisplayedInHomePageTest" name="userCanGenerateSummaryStrategicPerformanceReportSuccessfully" time="27.950"/>
</testsuite> <!-- tests.AhdafBSCsStructureIsDisplayedInHomePageTest -->
