<?xml version="1.0" encoding="UTF-8"?>
<!-- Generated by org.testng.reporters.JUnitReportReporter -->
<testsuite hostname="Mohamed-Derbala-LP" failures="0" tests="1" name="tests.WorkflowIntegrationSettingsIsDisplayedTest" time="108.477" errors="0" timestamp="2024-06-03T22:33:17 EEST" skipped="0">
  <testcase classname="tests.WorkflowIntegrationSettingsIsDisplayedTest" name="workflowIntegrationSettingsAreDisplayedSuccessfully" time="108.477"/>
</testsuite> <!-- tests.WorkflowIntegrationSettingsIsDisplayedTest -->
