<?xml version="1.0" encoding="UTF-8"?>
<!-- Generated by org.testng.reporters.JUnitReportReporter -->
<testsuite hostname="Mohamed-Derbala-LP" failures="0" tests="1" name="tests.UserLoginTest" time="35.863" errors="0" timestamp="2024-06-25T20:33:39 EEST" skipped="0">
  <testcase classname="tests.UserLoginTest" name="userCanLoginSuccessfully" time="35.863"/>
</testsuite> <!-- tests.UserLoginTest -->
