<?xml version="1.0" encoding="UTF-8"?>
<!-- Generated by org.testng.reporters.JUnitReportReporter -->
<testsuite hostname="Mohamed-Derbala-LP" failures="0" tests="1" name="tests.UsersPermissionSettingsAreDisplayedTest" time="35.754" errors="0" timestamp="2024-06-06T22:22:40 EEST" skipped="0">
  <testcase classname="tests.UsersPermissionSettingsAreDisplayedTest" name="usersPermissionsSettingsAreDisplayedSuccessfully" time="35.754"/>
</testsuite> <!-- tests.UsersPermissionSettingsAreDisplayedTest -->
