<?xml version="1.0" encoding="UTF-8"?>
<!-- Generated by org.testng.reporters.JUnitReportReporter -->
<testsuite hostname="Mohamed-Derbala-LP" failures="0" tests="1" name="tests.UserCanGenerateProgramsPerformanceReportTest" time="54.052" errors="0" timestamp="2024-06-01T02:51:19 EEST" skipped="0">
  <testcase classname="tests.UserCanGenerateProgramsPerformanceReportTest" name="userCanGenerateProgramsPerformanceReportSuccessfully" time="54.052"/>
</testsuite> <!-- tests.UserCanGenerateProgramsPerformanceReportTest -->
