<?xml version="1.0" encoding="UTF-8"?>
<!-- Generated by org.testng.reporters.JUnitReportReporter -->
<testsuite hostname="Mohamed-Derbala-LP" failures="0" tests="1" name="tests.UserCanGenerateProjectsPerformanceReportTest" time="36.388" errors="0" timestamp="2024-03-25T20:47:08 EET" skipped="0">
  <testcase classname="tests.UserCanGenerateProjectsPerformanceReportTest" name="userCanGenerateOperationalActivitiesPerformanceReportSuccessfully" time="36.388"/>
</testsuite> <!-- tests.UserCanGenerateProjectsPerformanceReportTest -->
