<?xml version="1.0" encoding="UTF-8"?>
<!-- Generated by org.testng.reporters.JUnitReportReporter -->
<testsuite hostname="Mohamed-Derbala-LP" failures="0" tests="1" name="tests.PartyMappingsSettingsAreDisplayedTest" time="158.021" errors="0" timestamp="2024-06-08T20:19:57 EEST" skipped="0">
  <testcase classname="tests.PartyMappingsSettingsAreDisplayedTest" name="partyMappingsSettingsAreDisplayedSuccessfully" time="158.021"/>
</testsuite> <!-- tests.PartyMappingsSettingsAreDisplayedTest -->
